Music Player/Music Player/Stage 2/build/intermediates/manifest_merge_blame_file/debug/manifest-merger-blame-debug-report.txt
1<?xml version="1.0" encoding="utf-8"?>
2<manifest xmlns:android="http://schemas.android.com/apk/res/android"
3    package="com.example.boss"
4    android:versionCode="1"
5    android:versionName="1.0" >
6
7    <uses-sdk
8        android:minSdkVersion="21"
8-->src\main\AndroidManifest.xml
9        android:targetSdkVersion="31" />
9-->src\main\AndroidManifest.xml
10
11    <application
11-->src\main\AndroidManifest.xml:5:3-18:17
12        android:allowBackup="true"
12-->src\main\AndroidManifest.xml:6:7-33
13        android:appComponentFactory="androidx.core.app.CoreComponentFactory"
13-->[androidx.core:core:1.7.0] AndroidManifest.xml:24:18-86
14        android:debuggable="true"
15        android:label="@string/app_name"
15-->src\main\AndroidManifest.xml:7:7-39
16        android:supportsRtl="true"
16-->src\main\AndroidManifest.xml:8:7-33
17        android:testOnly="true"
18        android:theme="@style/AppTheme" >
18-->src\main\AndroidManifest.xml:9:7-38
19        <activity
19-->src\main\AndroidManifest.xml:11:5-17:16
20            android:name="com.example.boss.MainActivity"
20-->src\main\AndroidManifest.xml:11:15-43
21            android:exported="true" >
21-->src\main\AndroidManifest.xml:12:9-32
22            <intent-filter>
22-->src\main\AndroidManifest.xml:13:7-16:23
23                <action android:name="android.intent.action.MAIN" />
23-->src\main\AndroidManifest.xml:14:9-60
23-->src\main\AndroidManifest.xml:14:17-58
24
25                <category android:name="android.intent.category.LAUNCHER" />
25-->src\main\AndroidManifest.xml:15:9-68
25-->src\main\AndroidManifest.xml:15:19-66
26            </intent-filter>
27        </activity>
28
29        <provider
29-->[androidx.emoji2:emoji2:1.0.0] AndroidManifest.xml:26:9-34:20
30            android:name="androidx.startup.InitializationProvider"
30-->[androidx.emoji2:emoji2:1.0.0] AndroidManifest.xml:27:13-67
31            android:authorities="com.example.boss.androidx-startup"
31-->[androidx.emoji2:emoji2:1.0.0] AndroidManifest.xml:28:13-68
32            android:exported="false" >
32-->[androidx.emoji2:emoji2:1.0.0] AndroidManifest.xml:29:13-37
33            <meta-data
33-->[androidx.emoji2:emoji2:1.0.0] AndroidManifest.xml:31:13-33:52
34                android:name="androidx.emoji2.text.EmojiCompatInitializer"
34-->[androidx.emoji2:emoji2:1.0.0] AndroidManifest.xml:32:17-75
35                android:value="androidx.startup" />
35-->[androidx.emoji2:emoji2:1.0.0] AndroidManifest.xml:33:17-49
36            <meta-data
36-->[androidx.lifecycle:lifecycle-process:2.4.0] AndroidManifest.xml:31:13-33:52
37                android:name="androidx.lifecycle.ProcessLifecycleInitializer"
37-->[androidx.lifecycle:lifecycle-process:2.4.0] AndroidManifest.xml:32:17-78
38                android:value="androidx.startup" />
38-->[androidx.lifecycle:lifecycle-process:2.4.0] AndroidManifest.xml:33:17-49
39        </provider>
40    </application>
41
42</manifest>